# JRE version: OpenJDK Runtime Environment (24.0.1+9) (build 24.0.1+9-30)
# Java VM: OpenJDK 64-Bit Server VM (24.0.1+9-30, mixed mode, sharing, tiered, compressed oops, compressed class ptrs, g1 gc, windows-amd64)
GC Precious Log:
 CardTable entry size: 512
 Card Set container configuration: InlinePtr #cards 5 size 8 Array Of Cards #cards 10 size 36 Howl #buckets 4 coarsen threshold 1843 Howl Bitmap #cards 512 size 80 coarsen threshold 460 Card regions per heap region 1 cards per card region 2048
 CPUs: 4 total, 4 available
 Memory: 8104M
 Large Page Support: Disabled
 NUMA Support: Disabled
 Compressed Oops: Enabled (32-bit)
 Heap Region Size: 1M
 Heap Min Capacity: 256M
 Heap Initial Capacity: 256M
 Heap Max Capacity: 512M
 Pre-touch: Disabled
 Parallel Workers: 4
 Concurrent Workers: 1
 Concurrent Refinement Workers: 4
 Periodic GC: Disabled
Heap:
 garbage-first heap   total reserved 524288K, committed 361472K, used 288859K [0x00000000e0000000, 0x0000000100000000)
  region size 1024K, 138 young (141312K), 7 survivors (7168K)
 Metaspace       used 103305K, committed 105408K, reserved 458752K
  class space    used 11306K, committed 12288K, reserved 327680K
GC Heap History (20 events):
Event: 5397.303 GC heap before
{Heap before GC invocations=116 (full 0):
 garbage-first heap   total reserved 524288K, committed 360448K, used 328095K [0x00000000e0000000, 0x0000000100000000)
  region size 1024K, 177 young (181248K), 12 survivors (12288K)
 Metaspace       used 105143K, committed 106944K, reserved 458752K
  class space    used 11462K, committed 12288K, reserved 327680K
}
Event: 5397.327 GC heap after
{Heap after GC invocations=117 (full 0):
 garbage-first heap   total reserved 524288K, committed 360448K, used 161177K [0x00000000e0000000, 0x0000000100000000)
  region size 1024K, 13 young (13312K), 13 survivors (13312K)
 Metaspace       used 105143K, committed 106944K, reserved 458752K
  class space    used 11462K, committed 12288K, reserved 327680K
}
Event: 5401.101 GC heap before
{Heap before GC invocations=117 (full 0):
 garbage-first heap   total reserved 524288K, committed 360448K, used 330137K [0x00000000e0000000, 0x0000000100000000)
  region size 1024K, 175 young (179200K), 13 survivors (13312K)
 Metaspace       used 105963K, committed 107456K, reserved 458752K
  class space    used 11570K, committed 12288K, reserved 327680K
}
Event: 5401.151 GC heap after
{Heap after GC invocations=118 (full 0):
 garbage-first heap   total reserved 524288K, committed 361472K, used 170096K [0x00000000e0000000, 0x0000000100000000)
  region size 1024K, 22 young (22528K), 22 survivors (22528K)
 Metaspace       used 105963K, committed 107456K, reserved 458752K
  class space    used 11570K, committed 12288K, reserved 327680K
}
Event: 5404.436 GC heap before
{Heap before GC invocations=118 (full 0):
 garbage-first heap   total reserved 524288K, committed 361472K, used 317552K [0x00000000e0000000, 0x0000000100000000)
  region size 1024K, 167 young (171008K), 22 survivors (22528K)
 Metaspace       used 106582K, committed 108096K, reserved 458752K
  class space    used 11619K, committed 12352K, reserved 327680K
}
Event: 5404.467 GC heap after
{Heap after GC invocations=119 (full 0):
 garbage-first heap   total reserved 524288K, committed 361472K, used 167150K [0x00000000e0000000, 0x0000000100000000)
  region size 1024K, 5 young (5120K), 5 survivors (5120K)
 Metaspace       used 106582K, committed 108096K, reserved 458752K
  class space    used 11619K, committed 12352K, reserved 327680K
}
Event: 5406.596 GC heap before
{Heap before GC invocations=120 (full 0):
 garbage-first heap   total reserved 524288K, committed 361472K, used 336110K [0x00000000e0000000, 0x0000000100000000)
  region size 1024K, 170 young (174080K), 5 survivors (5120K)
 Metaspace       used 106558K, committed 108096K, reserved 458752K
  class space    used 11611K, committed 12352K, reserved 327680K
}
Event: 5406.615 GC heap after
{Heap after GC invocations=121 (full 0):
 garbage-first heap   total reserved 524288K, committed 361472K, used 171636K [0x00000000e0000000, 0x0000000100000000)
  region size 1024K, 10 young (10240K), 10 survivors (10240K)
 Metaspace       used 106558K, committed 108096K, reserved 458752K
  class space    used 11611K, committed 12352K, reserved 327680K
}
Event: 5408.319 GC heap before
{Heap before GC invocations=121 (full 0):
 garbage-first heap   total reserved 524288K, committed 361472K, used 330356K [0x00000000e0000000, 0x0000000100000000)
  region size 1024K, 165 young (168960K), 10 survivors (10240K)
 Metaspace       used 106558K, committed 108096K, reserved 458752K
  class space    used 11611K, committed 12352K, reserved 327680K
}
Event: 5408.358 GC heap after
{Heap after GC invocations=122 (full 0):
 garbage-first heap   total reserved 524288K, committed 361472K, used 169485K [0x00000000e0000000, 0x0000000100000000)
  region size 1024K, 10 young (10240K), 10 survivors (10240K)
 Metaspace       used 106558K, committed 108096K, reserved 458752K
  class space    used 11611K, committed 12352K, reserved 327680K
}
Event: 5410.449 GC heap before
{Heap before GC invocations=122 (full 0):
 garbage-first heap   total reserved 524288K, committed 361472K, used 331277K [0x00000000e0000000, 0x0000000100000000)
  region size 1024K, 168 young (172032K), 10 survivors (10240K)
 Metaspace       used 106558K, committed 108096K, reserved 458752K
  class space    used 11611K, committed 12352K, reserved 327680K
}
Event: 5410.471 GC heap after
{Heap after GC invocations=123 (full 0):
 garbage-first heap   total reserved 524288K, committed 361472K, used 171021K [0x00000000e0000000, 0x0000000100000000)
  region size 1024K, 12 young (12288K), 12 survivors (12288K)
 Metaspace       used 106558K, committed 108096K, reserved 458752K
  class space    used 11611K, committed 12352K, reserved 327680K
}
Event: 5412.303 GC heap before
{Heap before GC invocations=124 (full 0):
 garbage-first heap   total reserved 524288K, committed 361472K, used 328717K [0x00000000e0000000, 0x0000000100000000)
  region size 1024K, 166 young (169984K), 12 survivors (12288K)
 Metaspace       used 106524K, committed 108096K, reserved 458752K
  class space    used 11605K, committed 12352K, reserved 327680K
}
Event: 5412.330 GC heap after
{Heap after GC invocations=125 (full 0):
 garbage-first heap   total reserved 524288K, committed 361472K, used 173069K [0x00000000e0000000, 0x0000000100000000)
  region size 1024K, 14 young (14336K), 14 survivors (14336K)
 Metaspace       used 106524K, committed 108096K, reserved 458752K
  class space    used 11605K, committed 12352K, reserved 327680K
}
Event: 5413.562 GC heap before
{Heap before GC invocations=125 (full 0):
 garbage-first heap   total reserved 524288K, committed 361472K, used 326669K [0x00000000e0000000, 0x0000000100000000)
  region size 1024K, 164 young (167936K), 14 survivors (14336K)
 Metaspace       used 106540K, committed 108096K, reserved 458752K
  class space    used 11605K, committed 12352K, reserved 327680K
}
Event: 5413.599 GC heap after
{Heap after GC invocations=126 (full 0):
 garbage-first heap   total reserved 524288K, committed 361472K, used 166580K [0x00000000e0000000, 0x0000000100000000)
  region size 1024K, 7 young (7168K), 7 survivors (7168K)
 Metaspace       used 106540K, committed 108096K, reserved 458752K
  class space    used 11605K, committed 12352K, reserved 327680K
}
Event: 5413.601 GC heap before
{Heap before GC invocations=126 (full 0):
 garbage-first heap   total reserved 524288K, committed 361472K, used 166580K [0x00000000e0000000, 0x0000000100000000)
  region size 1024K, 8 young (8192K), 7 survivors (7168K)
 Metaspace       used 106540K, committed 108096K, reserved 458752K
  class space    used 11605K, committed 12352K, reserved 327680K
}
Event: 5413.614 GC heap after
{Heap after GC invocations=127 (full 0):
 garbage-first heap   total reserved 524288K, committed 361472K, used 166430K [0x00000000e0000000, 0x0000000100000000)
  region size 1024K, 7 young (7168K), 7 survivors (7168K)
 Metaspace       used 106540K, committed 108096K, reserved 458752K
  class space    used 11605K, committed 12352K, reserved 327680K
}
Event: 5415.434 GC heap before
{Heap before GC invocations=128 (full 0):
 garbage-first heap   total reserved 524288K, committed 361472K, used 333342K [0x00000000e0000000, 0x0000000100000000)
  region size 1024K, 170 young (174080K), 7 survivors (7168K)
 Metaspace       used 102343K, committed 105280K, reserved 458752K
  class space    used 11161K, committed 12288K, reserved 327680K
}
Event: 5415.449 GC heap after
{Heap after GC invocations=129 (full 0):
 garbage-first heap   total reserved 524288K, committed 361472K, used 155739K [0x00000000e0000000, 0x0000000100000000)
  region size 1024K, 7 young (7168K), 7 survivors (7168K)
 Metaspace       used 102343K, committed 105280K, reserved 458752K
  class space    used 11161K, committed 12288K, reserved 327680K
}

